✓ Database connected (symphony_merlin)

  ╔══════════════════════════════════════════╗
  ║  MarvelCDB Node API                      ║
  ║  http://127.0.0.1:4000                    ║
  ║  Health: http://127.0.0.1:4000/health      ║
  ╚══════════════════════════════════════════╝

[0mGET /api/public/cards/search?cardset=klaw&limit=5 [32m200[0m 10.248 ms - 12191[0m
[0mGET /api/public/cards/search?cardset=klaw&limit=500 [32m200[0m 5.063 ms - 18609[0m
[0mGET /stories [32m200[0m 0.622 ms - 7473[0m
[0mGET /react/css/card.css?v=1772889544881 [32m200[0m 3.420 ms - 123136[0m
[0mGET /react/js/card.js?v=1772889544881 [32m200[0m 2.407 ms - 317394[0m
[0mGET /favicon.ico [33m404[0m 1.016 ms - 65[0m
[0mGET /api/public/scenarios?user_id=1 [32m200[0m 21.196 ms - 267848[0m
[0mGET /api/public/cards/search?cardset=klaw&limit=500&user_id=1 [32m200[0m 5.008 ms - 18609[0m
[0mGET /api/public/scenarios [32m200[0m 3.360 ms - 17594[0m
[0mGET /api/public/cards/search?cardset=armies_of_titan&limit=500&user_id=1 [32m200[0m 3.535 ms - 3785[0m
[0mGET /api/public/cards/search?cardset=klaw&limit=500&user_id=1 [36m304[0m 5.561 ms - -[0m
[0mGET /api/public/cards/search?cardset=klaw&limit=500&user_id=1 [36m304[0m 4.776 ms - -[0m
[0mGET /api/public/cards/search?cardset=ransacked_armory&limit=500&user_id=1 [32m200[0m 3.165 ms - 7102[0m
[0mGET /api/public/cards/search?cardset=ransacked_armory&limit=500&user_id=1 [36m304[0m 3.618 ms - -[0m
[0mGET /api/public/cards/search?cardset=rhino&limit=500&user_id=1 [32m200[0m 4.440 ms - 17161[0m
[0mGET /api/public/cards/search?cardset=bomb_scare&limit=500&user_id=1 [32m200[0m 3.164 ms - 4788[0m
[0mGET /api/public/cards/search?cardset=bomb_scare&limit=500&user_id=1 [36m304[0m 2.781 ms - -[0m
[0mGET /api/public/cards/search?cardset=rhino&limit=500&user_id=1 [36m304[0m 4.222 ms - -[0m
[0mGET /api/public/cards/search?cardset=rhino&limit=500&user_id=1 [36m304[0m 4.230 ms - -[0m
[0mGET /api/public/cards/search?cardset=mutagen_formula&limit=500&user_id=1 [32m200[0m 4.715 ms - 24735[0m
[0mGET /api/public/cards/search?cardset=symbiotic_strength&limit=500&user_id=1 [32m200[0m 11.058 ms - 8015[0m
[0mGET /api/public/cards/search?cardset=mutagen_formula&limit=500&user_id=1 [36m304[0m 5.588 ms - -[0m
[0mGET /api/public/cards/search?cardset=klaw&limit=500&user_id=1 [36m304[0m 4.228 ms - -[0m
[0mGET /api/public/cards/search?cardset=klaw&limit=500&user_id=1 [36m304[0m 4.624 ms - -[0m
[0mGET /api/public/cards/search?cardset=hard_sound&limit=500&user_id=1 [32m200[0m 3.489 ms - 6729[0m
[0mGET /api/public/cards/search?cardset=anachronauts&limit=500&user_id=1 [32m200[0m 4.685 ms - 8623[0m
[0mGET /api/public/cards/search?cardset=space_pirates&limit=500&user_id=1 [32m200[0m 3.106 ms - 5296[0m
[0mGET /api/public/cards/search?cardset=klaw&limit=500&user_id=1 [36m304[0m 4.359 ms - -[0m
[0mGET /api/public/cards/search?cardset=klaw&limit=500&user_id=1 [36m304[0m 7.004 ms - -[0m
[0mGET /api/public/cards/search?cardset=rhino&limit=500&user_id=1 [36m304[0m 8.621 ms - -[0m
[0mGET /api/public/cards/search?cardset=rhino&limit=500&user_id=1 [36m304[0m 3.559 ms - -[0m
[0mGET /api/public/cards/search?cardset=kang&limit=500&user_id=1 [32m200[0m 9.237 ms - 36541[0m
[0mGET /api/public/cards/search?cardset=sitcom&limit=500&user_id=1 [32m200[0m 3.897 ms - 8108[0m
[0mGET /decklists [32m200[0m 0.305 ms - 7805[0m
[0mGET /react/css/card.css?v=1772889544881 [36m304[0m 0.586 ms - -[0m
[0mGET /react/js/card.js?v=1772889544881 [36m304[0m 0.622 ms - -[0m
[0mGET /api/public/decks?page=1&limit=9999 [36m304[0m 17.502 ms - -[0m
[0mGET /api/public/decks?page=1&limit=10 [36m304[0m 16.999 ms - -[0m
[0mGET /bundles/cards/EN/206101a.webp [36m304[0m 1.205 ms - -[0m
[0mGET /bundles/cards/EN/201665a.webp [36m304[0m 1.323 ms - -[0m
[0mGET /bundles/cards/EN/205301a.webp [36m304[0m 1.167 ms - -[0m
[0mGET /bundles/cards/EN/51001a.webp [36m304[0m 1.173 ms - -[0m
[0mGET /bundles/cards/EN/201631a.webp [36m304[0m 1.249 ms - -[0m
[0mGET /bundles/cards/EN/01029a.webp [36m304[0m 1.368 ms - -[0m
[0mGET /bundles/cards/EN/42001a.webp [36m304[0m 0.303 ms - -[0m
[0mGET /bundles/cards/EN/54001a.webp [36m304[0m 0.946 ms - -[0m
[0mGET /bundles/cards/EN/203401a.webp [36m304[0m 0.924 ms - -[0m
[0mGET /bundles/cards/EN/40001a.webp [36m304[0m 0.979 ms - -[0m
[0mGET /decklist/view/19 [32m200[0m 0.888 ms - 6761[0m
[0mGET /react/css/card.css?v=1772889544881 [36m304[0m 0.398 ms - -[0m
[0mGET /react/js/card.js?v=1772889544881 [36m304[0m 0.297 ms - -[0m
[0mGET /api/public/decks/19?locale=en [36m304[0m 23.284 ms - -[0m
[0mGET /bundles/cards/EN/206101a.webp [36m304[0m 0.408 ms - -[0m
[0mGET /bundles/cards/EN/206101b.webp [36m304[0m 0.315 ms - -[0m
[0mGET /react/fonts/ChampionsIcons.ttf [36m304[0m 0.306 ms - -[0m
[0mGET /card/59034 [32m200[0m 20.168 ms - 8451[0m
[0mGET /api/public/cards/hercules?user_id=1 [32m200[0m 22.993 ms - 77613[0m
[0mGET /stories [36m304[0m 0.274 ms - -[0m
[0mGET /react/css/card.css?v=1772889544881 [36m304[0m 0.509 ms - -[0m
[0mGET /react/js/card.js?v=1772889544881 [36m304[0m 0.572 ms - -[0m
[0mGET /api/public/cards/search?type=challenge&limit=500&sort=pack&user_id=1 [36m304[0m 19.183 ms - -[0m
[0mGET /api/public/packs?user_id=1 [36m304[0m 21.651 ms - -[0m
[0mGET /api/public/scenarios?user_id=1 [36m304[0m 14.169 ms - -[0m
[0mGET /api/public/cards/search?cardset=klaw&limit=500&user_id=1 [36m304[0m 4.157 ms - -[0m
[0mGET /api/public/cards/search?cardset=ransacked_armory&limit=500&user_id=1 [36m304[0m 2.960 ms - -[0m
[0mGET /dashboard [32m200[0m 0.363 ms - 7845[0m
[0mGET /react/css/card.css?v=1772889544881 [36m304[0m 0.672 ms - -[0m
[0mGET /react/js/card.js?v=1772889544881 [36m304[0m 0.648 ms - -[0m
[0mGET /api/public/packs?user_id=1 [36m304[0m 11.317 ms - -[0m
[0mGET /api/public/user/1 [36m304[0m 24.336 ms - -[0m
[0mGET /api/public/admin/users [32m200[0m 2.857 ms - 892[0m
[0mGET /api/public/admin/stats [36m304[0m 10.061 ms - -[0m
[0mPUT /api/public/admin/users/1/role [32m200[0m 49.432 ms - 11[0m
[0mGET /api/public/packs?user_id=1 [32m200[0m 8.360 ms - 42413[0m
[0mGET /api/public/user/1 [32m200[0m 14.417 ms - 1058[0m
[0mGET /stories [36m304[0m 0.260 ms - -[0m
[0mGET /react/css/card.css?v=1772889544881 [36m304[0m 0.635 ms - -[0m
[0mGET /react/js/card.js?v=1772889544881 [36m304[0m 0.494 ms - -[0m
[0mGET /api/public/cards/search?type=challenge&limit=500&sort=pack&user_id=1 [36m304[0m 42.630 ms - -[0m
[0mGET /api/public/packs?user_id=1 [36m304[0m 149.113 ms - -[0m
[0mGET /api/public/scenarios?user_id=1 [32m200[0m 3.541 ms - 17594[0m
[0mGET /api/public/cards/search?cardset=klaw&limit=500&user_id=1 [36m304[0m 4.786 ms - -[0m
[0mGET /stories [36m304[0m 0.334 ms - -[0m
[0mGET /react/css/card.css?v=1772889544881 [36m304[0m 0.563 ms - -[0m
[0mGET /react/js/card.js?v=1772889544881 [36m304[0m 0.568 ms - -[0m
[0mGET /api/public/scenarios?user_id=1 [36m304[0m 2.817 ms - -[0m
[0mGET /api/public/cards/search?cardset=rhino&limit=500&user_id=1 [36m304[0m 4.057 ms - -[0m
[0mGET /api/public/cards/search?cardset=rhino&limit=500&user_id=1 [36m304[0m 5.157 ms - -[0m
[0mGET /api/public/cards/search?cardset=mutagen_formula&limit=500&user_id=1 [36m304[0m 7.814 ms - -[0m
[0mGET /stories [32m200[0m 0.213 ms - 7473[0m
[0mGET /react/css/card.css?v=1772889544881 [32m200[0m 0.620 ms - 123136[0m
[0mGET /react/js/card.js?v=1772889544881 [32m200[0m 0.501 ms - 317394[0m
[0mGET /api/public/scenarios?user_id=1 [32m200[0m 3.625 ms - 17594[0m
[0mGET /favicon.ico [33m404[0m 0.299 ms - 65[0m
[0mGET /api/public/cards/search?cardset=rhino&limit=500&user_id=1 [36m304[0m 3.670 ms - -[0m
[0mGET /stories [32m200[0m 0.183 ms - 7473[0m
[0mGET /react/css/card.css?v=1772889544881 [32m200[0m 0.900 ms - 124809[0m
[0mGET /react/js/card.js?v=1772889544881 [32m200[0m 0.845 ms - 321941[0m
[0mGET /api/public/scenarios?user_id=1 [32m200[0m 3.453 ms - 17594[0m
[0mGET /api/public/cardsets?type=standard [33m404[0m 0.548 ms - 87[0m
[0mGET /api/public/cardsets?type=expert [33m404[0m 0.556 ms - 85[0m
[0mGET /favicon.ico [33m404[0m 0.158 ms - 65[0m
[0mGET /api/public/cards/search?cardset=rhino&type=main_scheme&limit=50&user_id=1 [32m200[0m 3.565 ms - 1483[0m
[0mGET /api/public/cards/search?cardset=rhino&limit=500&user_id=1 [36m304[0m 3.269 ms - -[0m
[0mGET /react/fonts/ChampionsIcons.ttf [32m200[0m 0.509 ms - 9460[0m
[0mGET /api/public/cards/search?cardset=bomb_scare&limit=500&user_id=1 [36m304[0m 5.632 ms - -[0m
[0mGET /my-decks [32m200[0m 0.408 ms - 7379[0m
[0mGET /react/css/card.css?v=1772889544881 [36m304[0m 0.532 ms - -[0m
[0mGET /react/js/card.js?v=1772889544881 [36m304[0m 0.505 ms - -[0m
[0mGET /api/public/user/1/decks?page=1&limit=12 [36m304[0m 10.444 ms - -[0m
[0mGET /api/public/user/1/decks?page=1&limit=9999 [36m304[0m 23.645 ms - -[0m
[0mGET /bundles/cards/EN/46001a.webp [36m304[0m 0.504 ms - -[0m
[0mGET /bundles/cards/EN/59001a.webp [36m304[0m 0.291 ms - -[0m
[0mGET /bundles/cards/EN/01001a.webp [36m304[0m 0.569 ms - -[0m
[0mGET /bundles/cards/EN/09001a.webp [36m304[0m 0.535 ms - -[0m
[0mGET /bundles/cards/EN/206101a.webp [36m304[0m 0.639 ms - -[0m
[0mGET /bundles/cards/EN/206501a.webp [36m304[0m 0.641 ms - -[0m
[0mGET /bundles/cards/EN/201678a.webp [36m304[0m 0.903 ms - -[0m
[0mGET /bundles/cards/EN/201631a.webp [36m304[0m 0.891 ms - -[0m
[0mGET /bundles/cards/EN/201665a.webp [36m304[0m 0.929 ms - -[0m
[0mGET /bundles/cards/EN/51001a.webp [36m304[0m 0.955 ms - -[0m
[0mGET /deck/view/212 [32m200[0m 0.499 ms - 6753[0m
[0mGET /react/css/card.css?v=1772889544881 [36m304[0m 0.434 ms - -[0m
[0mGET /react/js/card.js?v=1772889544881 [36m304[0m 0.478 ms - -[0m
[0mGET /api/public/user/1/decks/212?locale=en [36m304[0m 18.605 ms - -[0m
[0mGET /bundles/cards/EN/46001a.webp [36m304[0m 0.286 ms - -[0m
[0mGET /bundles/cards/EN/46001b.webp [36m304[0m 1.030 ms - -[0m
[0mGET /api/public/user/1/decks/212/history?locale=en [36m304[0m 5.283 ms - -[0m
[0mGET /react/fonts/ChampionsIcons.ttf [36m304[0m 0.657 ms - -[0m
[0mGET /stories [36m304[0m 0.272 ms - -[0m
[0mGET /react/css/card.css?v=1772889544881 [36m304[0m 0.590 ms - -[0m
[0mGET /react/js/card.js?v=1772889544881 [36m304[0m 0.542 ms - -[0m
[0mGET /api/public/scenarios?user_id=1 [36m304[0m 3.574 ms - -[0m
[0mGET /api/public/cardsets?type=standard [33m404[0m 0.573 ms - 87[0m
[0mGET /api/public/cardsets?type=expert [33m404[0m 0.519 ms - 85[0m
[0mGET /api/public/cards/search?cardset=absorbing_man&type=main_scheme&limit=50&user_id=1 [32m200[0m 4.045 ms - 1712[0m
[0mGET /api/public/cards/search?cardset=absorbing_man&limit=500&user_id=1 [32m200[0m 5.573 ms - 23825[0m
[0mGET /react/fonts/ChampionsIcons.ttf [36m304[0m 0.340 ms - -[0m
[0mGET /api/public/cards/search?cardset=hydra_patrol&limit=500&user_id=1 [32m200[0m 3.145 ms - 3668[0m
[0mGET /stories [32m200[0m 0.249 ms - 7473[0m
[0mGET /react/css/card.css?v=1772889544881 [32m200[0m 0.784 ms - 125347[0m
[0mGET /react/js/card.js?v=1772889544881 [32m200[0m 0.715 ms - 322126[0m
[0mGET /api/public/scenarios?user_id=1 [32m200[0m 3.500 ms - 17594[0m
[0mGET /api/public/cardsets?type=standard [33m404[0m 0.537 ms - 87[0m
[0mGET /api/public/cardsets?type=expert [33m404[0m 0.531 ms - 85[0m
[0mGET /favicon.ico [33m404[0m 0.119 ms - 65[0m
[0mGET /api/public/cards/search?cardset=rhino&type=main_scheme&limit=50&user_id=1 [36m304[0m 4.161 ms - -[0m
[0mGET /api/public/cards/search?cardset=rhino&limit=500&user_id=1 [36m304[0m 5.497 ms - -[0m
[0mGET /react/fonts/ChampionsIcons.ttf [32m200[0m 0.505 ms - 9460[0m
[0mGET /api/public/cards/search?cardset=absorbing_man&type=main_scheme&limit=50&user_id=1 [36m304[0m 3.128 ms - -[0m
[0mGET /api/public/cards/search?cardset=rhino&limit=500&user_id=1 [36m304[0m 6.207 ms - -[0m
[0mGET /api/public/cards/search?cardset=absorbing_man&limit=500&user_id=1 [36m304[0m 5.066 ms - -[0m
[0mGET /api/public/cards/search?cardset=taskmaster&type=main_scheme&limit=50&user_id=1 [32m200[0m 2.886 ms - 1678[0m
[0mGET /api/public/cards/search?cardset=absorbing_man&limit=500&user_id=1 [36m304[0m 5.815 ms - -[0m
[0mGET /api/public/cards/search?cardset=taskmaster&limit=500&user_id=1 [32m200[0m 3.872 ms - 20596[0m
[0mGET /api/public/cards/search?cardset=taskmaster&limit=500&user_id=1 [36m304[0m 5.557 ms - -[0m
[0mGET /api/public/cards/search?cardset=kang&type=main_scheme&limit=50&user_id=1 [32m200[0m 7.600 ms - 9050[0m
[0mGET /api/public/cards/search?cardset=kang&limit=500&user_id=1 [36m304[0m 10.767 ms - -[0m
[0mGET /api/public/cards/search?cardset=taskmaster&type=main_scheme&limit=50&user_id=1 [36m304[0m 2.569 ms - -[0m
[0mGET /api/public/cards/search?cardset=kang&limit=500&user_id=1 [36m304[0m 5.506 ms - -[0m
[0mGET /api/public/cards/search?cardset=absorbing_man&type=main_scheme&limit=50&user_id=1 [36m304[0m 2.613 ms - -[0m
[0mGET /api/public/cards/search?cardset=taskmaster&limit=500&user_id=1 [36m304[0m 4.283 ms - -[0m
[0mGET /api/public/cards/search?cardset=klaw&type=main_scheme&limit=50&user_id=1 [32m200[0m 3.254 ms - 2947[0m
[0mGET /api/public/cards/search?cardset=absorbing_man&limit=500&user_id=1 [36m304[0m 6.208 ms - -[0m
[0mGET /api/public/cards/search?cardset=klaw&limit=500&user_id=1 [36m304[0m 7.425 ms - -[0m
[0mGET /api/public/cards/search?cardset=klaw&limit=500&user_id=1 [36m304[0m 4.036 ms - -[0m
[0mGET /api/public/cards/search?cardset=risky_business&type=main_scheme&limit=50&user_id=1 [32m200[0m 5.514 ms - 2775[0m
[0mGET /api/public/cards/search?cardset=risky_business&limit=500&user_id=1 [32m200[0m 5.908 ms - 16904[0m
[0mGET /api/public/cards/search?cardset=crossbones&type=main_scheme&limit=50&user_id=1 [32m200[0m 3.928 ms - 3553[0m
[0mGET /api/public/cards/search?cardset=risky_business&limit=500&user_id=1 [36m304[0m 5.463 ms - -[0m
[0mGET /api/public/cards/search?cardset=crossbones&limit=500&user_id=1 [32m200[0m 7.499 ms - 17581[0m
[0mGET /api/public/cards/search?cardset=zola&type=main_scheme&limit=50&user_id=1 [32m200[0m 4.153 ms - 2910[0m
[0mGET /api/public/cards/search?cardset=crossbones&limit=500&user_id=1 [36m304[0m 6.231 ms - -[0m
[0mGET /api/public/cards/search?cardset=zola&limit=500&user_id=1 [32m200[0m 8.946 ms - 20321[0m
[0mGET /api/public/cards/search?cardset=infiltrate_the_museum&type=main_scheme&limit=50&user_id=1 [32m200[0m 5.166 ms - 1872[0m
[0mGET /api/public/cards/search?cardset=zola&limit=500&user_id=1 [36m304[0m 6.582 ms - -[0m
[0mGET /api/public/cards/search?cardset=infiltrate_the_museum&limit=500&user_id=1 [32m200[0m 10.070 ms - 14501[0m
[0mGET /api/public/cards/search?cardset=infiltrate_the_museum&limit=500&user_id=1 [36m304[0m 3.391 ms - -[0m
[0mGET /api/public/cards/search?cardset=nebula&type=main_scheme&limit=50&user_id=1 [32m200[0m 4.916 ms - 3256[0m
[0mGET /api/public/cards/search?cardset=nebula&limit=500&user_id=1 [32m200[0m 4.011 ms - 21466[0m
[0mGET /api/public/cards/search?cardset=nebula&limit=500&user_id=1 [36m304[0m 4.600 ms - -[0m
[0mGET /api/public/cards/search?cardset=hela&type=main_scheme&limit=50&user_id=1 [32m200[0m 6.176 ms - 1767[0m
[0mGET /api/public/cards/search?cardset=hela&limit=500&user_id=1 [32m200[0m 6.965 ms - 20440[0m
[0mGET /stories [32m200[0m 0.401 ms - 7473[0m
[0mGET /react/css/card.css?v=1772889544881 [32m200[0m 1.011 ms - 125347[0m
[0mGET /react/js/card.js?v=1772889544881 [32m200[0m 0.939 ms - 322125[0m
[0mGET /api/public/scenarios?user_id=1 [32m200[0m 3.891 ms - 17594[0m
[0mGET /api/public/cardsets?type=standard [33m404[0m 0.420 ms - 87[0m
[0mGET /api/public/cardsets?type=expert [33m404[0m 0.430 ms - 85[0m
[0mGET /favicon.ico [33m404[0m 0.169 ms - 65[0m
[0mGET /api/public/cards/search?cardset=rhino&type=main_scheme&limit=50&user_id=1 [36m304[0m 2.624 ms - -[0m
[0mGET /api/public/cards/search?cardset=rhino&limit=500&user_id=1 [36m304[0m 3.757 ms - -[0m
[0mGET /react/fonts/ChampionsIcons.ttf [32m200[0m 0.562 ms - 9460[0m
[0mGET /api/public/cards/search?cardset=bomb_scare&limit=500&user_id=1 [36m304[0m 2.529 ms - -[0m
