auth debug startup 2026-02-17T19:28:54.930Z
[2026-02-17T19:30:50.145Z] BODY {"login":"merlin","password":"zF_ve)ssW]bE"}
[2026-02-17T19:30:50.154Z] lookup {"table":"user","column":"username"}
auth debug startup 2026-02-17T19:31:55.468Z
[2026-02-17T19:33:30.458Z] BODY {"login":"merlin","password":"zF_ve)ssW]bE"}
[2026-02-17T19:33:30.464Z] lookup {"table":"user","column":"username"}
auth debug startup 2026-02-17T19:34:30.146Z
[2026-02-17T19:35:01.844Z] BODY {"login":"merlin","password":"zF_ve)ssW]bE"}
[2026-02-17T19:35:01.850Z] lookup {"table":"user","column":"username"}
auth debug startup 2026-02-17T19:36:11.256Z
[2026-02-17T19:36:29.320Z] BODY {"login":"merlin","password":"zF_ve)ssW]bE"}
[2026-02-17T19:36:29.328Z] lookup {"table":"user","column":"username"}
auth debug startup 2026-02-17T19:44:43.725Z
auth debug startup 2026-02-17T19:45:23.622Z
auth debug startup 2026-02-17T19:51:46.527Z
[2026-02-17T19:53:03.365Z] BODY {"login":"merlin","password":"zF_ve)ssW]bE"}
[2026-02-17T19:53:03.371Z] lookup {"table":"user","column":"username"}
[2026-02-17T19:53:21.557Z] BODY {"login":"merlin","password":"zF_ve)ssW]bE"}
[2026-02-17T19:53:21.561Z] lookup {"table":"user","column":"username"}
[2026-02-17T19:56:59.380Z] BODY {"login":"merlin","password":"zF_ve)ssW]bE"}
[2026-02-17T19:56:59.383Z] lookup {"table":"user","column":"username"}
[2026-02-17T20:00:15.672Z] BODY {"login":"merlin","password":"zF_ve)ssW]bE"}
[2026-02-17T20:00:15.676Z] lookup {"table":"user","column":"username"}
[2026-02-17T20:03:36.025Z] BODY {"login":"merlin","password":"zF_ve)ssW]bE"}
[2026-02-17T20:03:36.028Z] lookup {"table":"user","column":"username"}
[2026-02-17T20:04:02.546Z] BODY {"login":"merlin","password":"zF_ve)ssW]bE"}
[2026-02-17T20:04:02.550Z] lookup {"table":"user","column":"username"}
auth debug startup 2026-02-17T20:09:18.727Z
auth debug startup 2026-02-17T20:10:18.763Z
auth debug startup 2026-02-17T20:13:40.756Z
auth debug startup 2026-02-17T20:21:45.901Z
auth debug startup 2026-02-17T20:22:58.616Z
auth debug startup 2026-02-17T20:23:27.346Z
[2026-02-17T20:23:56.019Z] BODY {"login":"merlin","password":"zF_ve)ssW]bE"}
[2026-02-17T20:23:56.026Z] lookup {"table":"user","column":"username"}
auth debug startup 2026-02-20T12:45:36.355Z
[2026-02-20T12:58:54.050Z] BODY {"login":"merlin","password":"zF_ve)ssW]bE"}
[2026-02-20T12:58:54.061Z] lookup {"table":"user","column":"username"}
[2026-02-20T13:18:54.482Z] BODY {"login":"merlin","password":"zF_ve)ssW]bE"}
[2026-02-20T13:18:54.488Z] lookup {"table":"user","column":"username"}
auth debug startup 2026-02-20T14:00:00.251Z
auth debug startup 2026-02-20T14:07:39.236Z
auth debug startup 2026-02-20T14:43:58.286Z
auth debug startup 2026-02-20T15:20:40.517Z
auth debug startup 2026-02-20T16:32:00.150Z
auth debug startup 2026-02-20T16:35:38.644Z
auth debug startup 2026-02-20T16:39:24.793Z
auth debug startup 2026-02-20T16:41:51.362Z
auth debug startup 2026-02-20T16:57:41.523Z
auth debug startup 2026-02-20T16:58:10.732Z
auth debug startup 2026-02-20T17:00:25.529Z
auth debug startup 2026-02-20T17:40:56.116Z
auth debug startup 2026-02-20T17:49:40.567Z
auth debug startup 2026-02-20T17:50:02.601Z
auth debug startup 2026-02-20T17:50:16.203Z
auth debug startup 2026-02-20T18:06:17.120Z
auth debug startup 2026-02-20T18:09:01.304Z
auth debug startup 2026-02-20T18:10:52.843Z
auth debug startup 2026-02-20T18:26:36.826Z
auth debug startup 2026-02-20T18:28:00.111Z
auth debug startup 2026-02-20T18:28:40.023Z
auth debug startup 2026-02-20T18:28:57.205Z
auth debug startup 2026-02-20T18:28:57.348Z
auth debug startup 2026-02-20T18:29:14.362Z
auth debug startup 2026-02-20T18:29:14.489Z
auth debug startup 2026-02-20T18:29:16.079Z
auth debug startup 2026-02-20T18:29:22.284Z
auth debug startup 2026-02-20T18:29:22.424Z
auth debug startup 2026-02-20T18:37:52.382Z
auth debug startup 2026-02-20T18:37:52.516Z
auth debug startup 2026-02-20T18:39:10.520Z
auth debug startup 2026-02-20T18:39:10.658Z
auth debug startup 2026-02-20T18:41:04.795Z
auth debug startup 2026-02-20T18:41:04.924Z
auth debug startup 2026-02-20T18:43:27.668Z
auth debug startup 2026-02-20T18:43:27.826Z
auth debug startup 2026-02-21T06:35:04.696Z
auth debug startup 2026-02-21T06:35:04.697Z
auth debug startup 2026-02-21T06:39:33.565Z
auth debug startup 2026-02-21T06:39:33.726Z
auth debug startup 2026-02-21T06:40:46.168Z
auth debug startup 2026-02-21T06:40:46.317Z
auth debug startup 2026-02-21T06:42:46.952Z
auth debug startup 2026-02-21T06:42:47.096Z
auth debug startup 2026-02-21T06:49:37.798Z
auth debug startup 2026-02-21T06:49:37.938Z
auth debug startup 2026-02-21T07:19:31.970Z
auth debug startup 2026-02-21T07:19:32.102Z
auth debug startup 2026-02-21T07:19:34.008Z
auth debug startup 2026-02-21T07:19:34.146Z
auth debug startup 2026-02-21T07:21:19.005Z
auth debug startup 2026-02-21T07:21:19.134Z
auth debug startup 2026-02-21T07:21:22.462Z
auth debug startup 2026-02-21T07:21:22.588Z
auth debug startup 2026-02-21T07:21:53.117Z
auth debug startup 2026-02-21T07:21:53.127Z
auth debug startup 2026-02-21T07:21:59.055Z
auth debug startup 2026-02-21T07:21:59.057Z
auth debug startup 2026-02-21T07:21:59.840Z
auth debug startup 2026-02-21T07:21:59.966Z
auth debug startup 2026-02-21T08:52:44.671Z
auth debug startup 2026-02-21T08:52:44.798Z
auth debug startup 2026-02-21T09:10:43.114Z
auth debug startup 2026-02-21T09:10:43.115Z
auth debug startup 2026-02-21T09:10:56.067Z
auth debug startup 2026-02-21T09:10:56.196Z
auth debug startup 2026-02-21T09:11:14.876Z
auth debug startup 2026-02-21T09:16:59.236Z
auth debug startup 2026-02-21T09:16:59.236Z
auth debug startup 2026-02-21T09:16:59.399Z
auth debug startup 2026-02-21T09:29:55.925Z
auth debug startup 2026-02-21T09:29:55.928Z
auth debug startup 2026-02-21T09:29:56.087Z
auth debug startup 2026-02-21T09:34:28.282Z
auth debug startup 2026-02-21T09:34:28.283Z
auth debug startup 2026-02-21T09:34:28.427Z
auth debug startup 2026-02-21T09:40:39.713Z
auth debug startup 2026-02-21T09:40:39.715Z
auth debug startup 2026-02-21T09:40:39.869Z
auth debug startup 2026-02-21T09:45:59.932Z
auth debug startup 2026-02-21T09:45:59.932Z
auth debug startup 2026-02-21T09:46:00.090Z
auth debug startup 2026-02-21T14:39:25.697Z
auth debug startup 2026-02-21T14:39:25.697Z
auth debug startup 2026-02-21T14:39:25.698Z
auth debug startup 2026-02-21T14:39:34.862Z
auth debug startup 2026-02-21T14:39:34.863Z
auth debug startup 2026-02-21T14:39:34.996Z
auth debug startup 2026-02-21T14:44:49.892Z
auth debug startup 2026-02-21T14:44:49.894Z
auth debug startup 2026-02-21T14:44:49.896Z
auth debug startup 2026-02-21T14:46:13.583Z
auth debug startup 2026-02-21T14:46:13.585Z
auth debug startup 2026-02-21T14:46:13.735Z
auth debug startup 2026-02-21T14:46:21.496Z
auth debug startup 2026-02-21T14:46:21.496Z
auth debug startup 2026-02-21T14:46:21.639Z
auth debug startup 2026-02-21T14:46:53.731Z
auth debug startup 2026-02-21T14:47:18.306Z
auth debug startup 2026-02-21T14:47:55.841Z
auth debug startup 2026-02-21T14:49:13.413Z
auth debug startup 2026-02-21T14:51:28.115Z
auth debug startup 2026-02-21T14:53:06.789Z
auth debug startup 2026-02-21T15:09:14.901Z
auth debug startup 2026-02-21T15:12:26.080Z
auth debug startup 2026-02-21T15:19:12.462Z
auth debug startup 2026-02-21T15:37:23.998Z
auth debug startup 2026-02-21T18:12:19.498Z
auth debug startup 2026-02-21T18:18:51.043Z
auth debug startup 2026-02-21T18:32:02.865Z
auth debug startup 2026-02-21T18:44:06.220Z
auth debug startup 2026-02-21T18:47:44.562Z
auth debug startup 2026-02-22T06:23:49.231Z
auth debug startup 2026-02-22T06:24:19.486Z
auth debug startup 2026-02-22T06:28:01.533Z
auth debug startup 2026-02-22T06:28:27.330Z
auth debug startup 2026-02-22T06:29:16.720Z
auth debug startup 2026-02-22T06:29:23.465Z
auth debug startup 2026-02-22T06:29:37.687Z
auth debug startup 2026-02-22T06:31:37.787Z
auth debug startup 2026-02-22T06:31:39.465Z
auth debug startup 2026-02-22T06:34:51.376Z
[2026-02-22T06:37:42.408Z] BODY {"login":"merlin","password":"zF_ve)ssW]bE"}
[2026-02-22T06:37:42.418Z] lookup {"table":"user","column":"username"}
auth debug startup 2026-02-22T06:44:06.962Z
auth debug startup 2026-02-22T06:44:08.963Z
auth debug startup 2026-02-22T06:44:14.412Z
auth debug startup 2026-02-22T06:45:54.358Z
auth debug startup 2026-02-22T06:46:41.671Z
auth debug startup 2026-02-22T06:49:20.921Z
auth debug startup 2026-02-22T09:25:40.280Z
auth debug startup 2026-02-22T09:25:58.689Z
auth debug startup 2026-02-22T09:26:13.392Z
auth debug startup 2026-02-22T09:26:36.020Z
auth debug startup 2026-02-22T09:30:06.955Z
auth debug startup 2026-02-22T09:30:24.531Z
auth debug startup 2026-02-22T09:30:28.736Z
auth debug startup 2026-02-22T09:33:09.344Z
auth debug startup 2026-02-22T09:33:24.170Z
auth debug startup 2026-02-22T09:33:32.136Z
auth debug startup 2026-02-22T09:33:51.452Z
auth debug startup 2026-02-22T09:35:25.098Z
auth debug startup 2026-02-22T09:36:01.292Z
auth debug startup 2026-02-22T09:37:12.360Z
auth debug startup 2026-02-22T10:03:48.239Z
auth debug startup 2026-02-22T10:06:17.935Z
auth debug startup 2026-02-22T10:10:38.330Z
auth debug startup 2026-02-22T10:18:33.213Z
auth debug startup 2026-02-22T10:18:39.419Z
auth debug startup 2026-02-22T10:18:59.919Z
auth debug startup 2026-02-22T10:20:53.653Z
auth debug startup 2026-02-22T10:23:14.078Z
auth debug startup 2026-02-22T10:23:37.848Z
auth debug startup 2026-02-22T10:25:43.368Z
auth debug startup 2026-02-22T10:26:14.492Z
auth debug startup 2026-02-22T13:03:17.929Z
auth debug startup 2026-02-22T13:03:20.691Z
auth debug startup 2026-02-22T13:05:09.912Z
auth debug startup 2026-02-22T13:07:33.864Z
auth debug startup 2026-02-22T13:33:19.392Z
auth debug startup 2026-02-22T13:33:20.933Z
auth debug startup 2026-02-22T13:33:30.399Z
auth debug startup 2026-02-22T13:34:17.613Z
auth debug startup 2026-02-22T13:35:29.593Z
auth debug startup 2026-02-22T14:26:27.457Z
auth debug startup 2026-02-22T14:29:02.705Z
auth debug startup 2026-02-22T14:29:31.127Z
auth debug startup 2026-02-22T14:33:58.138Z
auth debug startup 2026-02-22T14:39:37.058Z
auth debug startup 2026-02-22T14:40:26.305Z
auth debug startup 2026-02-22T14:40:29.137Z
auth debug startup 2026-02-22T14:42:22.126Z
auth debug startup 2026-02-22T14:42:28.522Z
auth debug startup 2026-02-22T14:42:37.604Z
auth debug startup 2026-02-22T14:46:35.253Z
auth debug startup 2026-02-22T14:46:42.726Z
auth debug startup 2026-02-22T14:46:43.238Z
auth debug startup 2026-02-22T14:46:53.466Z
auth debug startup 2026-02-22T14:49:00.999Z
auth debug startup 2026-02-22T14:49:02.085Z
auth debug startup 2026-02-22T14:50:16.642Z
auth debug startup 2026-02-22T14:52:42.962Z
auth debug startup 2026-02-22T15:01:33.157Z
auth debug startup 2026-02-22T15:01:36.318Z
auth debug startup 2026-02-22T15:02:02.838Z
auth debug startup 2026-02-22T15:02:22.879Z
auth debug startup 2026-02-22T15:49:20.078Z
auth debug startup 2026-02-22T15:49:32.466Z
auth debug startup 2026-02-22T15:50:31.644Z
auth debug startup 2026-02-22T15:50:50.299Z
auth debug startup 2026-02-22T15:54:50.218Z
auth debug startup 2026-02-22T15:55:05.066Z
auth debug startup 2026-02-22T15:58:59.707Z
auth debug startup 2026-02-22T16:03:02.208Z
auth debug startup 2026-02-22T16:03:16.222Z
auth debug startup 2026-02-22T16:06:04.043Z
auth debug startup 2026-02-22T16:06:08.979Z
auth debug startup 2026-02-22T16:06:19.577Z
[2026-02-22T16:34:25.684Z] BODY {"login":"merlin","password":"zF_ve)ssW]bE"}
[2026-02-22T16:34:25.694Z] lookup {"table":"user","column":"username"}
auth debug startup 2026-02-22T17:10:36.350Z
auth debug startup 2026-02-22T17:10:50.280Z
auth debug startup 2026-02-22T18:32:37.467Z
auth debug startup 2026-02-22T19:00:03.466Z
auth debug startup 2026-02-22T19:00:50.317Z
auth debug startup 2026-02-22T19:04:08.477Z
auth debug startup 2026-02-22T19:05:10.387Z
auth debug startup 2026-02-22T19:09:44.432Z
auth debug startup 2026-02-23T08:55:30.929Z
auth debug startup 2026-02-23T09:01:16.123Z
auth debug startup 2026-02-23T09:01:33.744Z
auth debug startup 2026-02-23T09:07:24.596Z
auth debug startup 2026-02-23T09:09:53.288Z
auth debug startup 2026-02-23T09:10:55.999Z
auth debug startup 2026-02-23T09:14:38.455Z
auth debug startup 2026-02-23T09:16:40.394Z
auth debug startup 2026-02-23T09:24:36.847Z
auth debug startup 2026-02-23T09:28:22.365Z
auth debug startup 2026-02-23T09:28:34.886Z
auth debug startup 2026-02-23T09:28:54.516Z
auth debug startup 2026-02-23T09:45:02.347Z
auth debug startup 2026-02-23T09:48:47.521Z
auth debug startup 2026-02-23T09:49:28.819Z
auth debug startup 2026-02-23T09:51:17.934Z
auth debug startup 2026-02-23T09:54:28.180Z
auth debug startup 2026-02-23T09:54:31.767Z
auth debug startup 2026-02-23T09:54:44.536Z
auth debug startup 2026-02-23T09:55:13.703Z
auth debug startup 2026-02-23T10:15:09.298Z
auth debug startup 2026-02-23T10:15:10.768Z
auth debug startup 2026-02-23T10:17:17.749Z
auth debug startup 2026-02-23T10:24:19.658Z
auth debug startup 2026-02-23T10:30:57.207Z
auth debug startup 2026-02-23T10:36:33.608Z
auth debug startup 2026-02-23T10:40:44.302Z
auth debug startup 2026-02-23T10:43:25.529Z
auth debug startup 2026-02-23T10:43:28.418Z
auth debug startup 2026-02-23T10:43:39.199Z
auth debug startup 2026-02-23T10:48:01.040Z
auth debug startup 2026-02-23T10:49:30.768Z
auth debug startup 2026-02-23T15:12:52.618Z
auth debug startup 2026-02-23T15:13:35.376Z
auth debug startup 2026-02-23T15:14:10.688Z
auth debug startup 2026-02-23T15:14:33.709Z
auth debug startup 2026-02-23T15:16:43.342Z
auth debug startup 2026-02-23T15:18:01.217Z
auth debug startup 2026-02-23T15:24:04.526Z
auth debug startup 2026-02-23T15:30:43.929Z
auth debug startup 2026-02-23T15:30:55.952Z
auth debug startup 2026-02-23T15:31:10.138Z
auth debug startup 2026-02-23T15:33:35.255Z
auth debug startup 2026-02-23T15:33:54.660Z
auth debug startup 2026-02-23T15:43:40.171Z
auth debug startup 2026-02-23T15:45:22.675Z
auth debug startup 2026-02-23T15:45:30.440Z
auth debug startup 2026-02-23T15:52:22.949Z
auth debug startup 2026-02-23T15:52:27.499Z
auth debug startup 2026-02-23T15:52:32.864Z
auth debug startup 2026-02-23T15:53:03.679Z
auth debug startup 2026-02-23T16:01:10.457Z
auth debug startup 2026-02-23T16:19:43.491Z
auth debug startup 2026-02-23T16:26:38.628Z
auth debug startup 2026-02-23T16:27:23.249Z
auth debug startup 2026-02-23T16:33:34.050Z
auth debug startup 2026-02-23T16:53:42.062Z
auth debug startup 2026-02-23T17:04:34.043Z
auth debug startup 2026-02-23T17:08:27.452Z
auth debug startup 2026-02-23T17:10:23.896Z
auth debug startup 2026-02-23T17:17:30.511Z
auth debug startup 2026-02-23T17:25:50.670Z
auth debug startup 2026-02-23T18:02:20.177Z
auth debug startup 2026-02-23T18:03:43.863Z
auth debug startup 2026-02-23T19:08:21.262Z
auth debug startup 2026-02-23T19:11:40.403Z
auth debug startup 2026-02-23T19:36:17.367Z
auth debug startup 2026-02-23T19:39:30.655Z
auth debug startup 2026-02-23T19:40:31.255Z
auth debug startup 2026-02-23T19:41:09.044Z
auth debug startup 2026-02-23T19:49:40.656Z
auth debug startup 2026-02-23T19:49:48.259Z
auth debug startup 2026-02-23T19:53:06.388Z
auth debug startup 2026-02-23T19:53:10.111Z
auth debug startup 2026-02-23T19:53:14.648Z
auth debug startup 2026-02-23T19:53:24.704Z
auth debug startup 2026-02-23T19:55:39.705Z
auth debug startup 2026-02-23T19:55:47.113Z
auth debug startup 2026-02-23T19:56:51.006Z
auth debug startup 2026-02-23T19:57:29.064Z
auth debug startup 2026-02-23T19:59:41.497Z
auth debug startup 2026-02-23T19:59:43.557Z
auth debug startup 2026-02-23T20:00:04.890Z
auth debug startup 2026-02-23T20:00:09.746Z
auth debug startup 2026-02-23T20:00:40.147Z
auth debug startup 2026-02-23T20:00:57.641Z
auth debug startup 2026-02-23T20:01:06.124Z
auth debug startup 2026-02-23T20:01:15.383Z
auth debug startup 2026-02-23T20:04:04.315Z
auth debug startup 2026-02-23T20:04:07.327Z
auth debug startup 2026-02-23T20:04:21.741Z
auth debug startup 2026-02-23T20:04:32.274Z
auth debug startup 2026-02-23T20:09:36.067Z
auth debug startup 2026-02-23T20:09:51.478Z
auth debug startup 2026-02-23T20:11:10.547Z
auth debug startup 2026-02-24T09:19:30.760Z
auth debug startup 2026-02-24T09:25:50.630Z
[2026-02-24T10:00:30.285Z] BODY {"login":"Merlin","password":"zF_ve)ssW]bE"}
[2026-02-24T10:00:30.296Z] lookup {"table":"user","column":"username"}
auth debug startup 2026-02-24T10:37:26.551Z
auth debug startup 2026-02-24T10:37:59.562Z
auth debug startup 2026-02-24T10:38:16.312Z
auth debug startup 2026-02-24T10:44:37.746Z
auth debug startup 2026-02-24T10:44:56.706Z
auth debug startup 2026-02-24T10:45:46.959Z
auth debug startup 2026-02-24T10:46:02.987Z
auth debug startup 2026-02-24T10:47:47.972Z
auth debug startup 2026-02-24T10:47:50.396Z
auth debug startup 2026-02-24T10:47:55.642Z
auth debug startup 2026-02-24T10:50:00.808Z
auth debug startup 2026-02-24T10:50:07.303Z
auth debug startup 2026-02-24T10:50:15.219Z
auth debug startup 2026-02-24T10:50:30.573Z
auth debug startup 2026-02-24T10:50:50.402Z
auth debug startup 2026-02-24T10:50:58.318Z
auth debug startup 2026-02-24T10:53:13.384Z
auth debug startup 2026-02-24T10:53:20.561Z
auth debug startup 2026-02-24T10:54:10.640Z
auth debug startup 2026-02-24T14:41:08.750Z
auth debug startup 2026-02-24T14:41:12.254Z
auth debug startup 2026-02-24T14:41:46.355Z
auth debug startup 2026-02-24T14:42:02.880Z
auth debug startup 2026-02-24T14:42:21.806Z
auth debug startup 2026-02-24T14:43:39.654Z
auth debug startup 2026-02-24T14:43:45.220Z
auth debug startup 2026-02-24T14:45:14.096Z
auth debug startup 2026-02-24T14:48:41.717Z
auth debug startup 2026-02-24T14:48:52.472Z
auth debug startup 2026-02-24T14:49:08.548Z
auth debug startup 2026-02-24T14:49:10.558Z
auth debug startup 2026-02-24T14:49:21.560Z
auth debug startup 2026-02-24T14:49:31.725Z
auth debug startup 2026-02-24T14:50:01.979Z
auth debug startup 2026-02-24T14:50:32.608Z
auth debug startup 2026-02-24T14:51:11.513Z
auth debug startup 2026-02-24T14:51:13.847Z
auth debug startup 2026-02-24T14:51:34.974Z
auth debug startup 2026-02-24T14:54:08.981Z
auth debug startup 2026-02-24T14:54:52.678Z
auth debug startup 2026-02-24T15:06:16.464Z
auth debug startup 2026-02-24T15:06:52.094Z
auth debug startup 2026-02-24T15:08:46.626Z
auth debug startup 2026-02-24T15:15:00.023Z
auth debug startup 2026-02-24T15:15:46.447Z
auth debug startup 2026-02-24T15:17:00.350Z
auth debug startup 2026-02-24T15:17:46.582Z
auth debug startup 2026-02-24T15:18:33.406Z
auth debug startup 2026-02-24T15:18:34.487Z
auth debug startup 2026-02-24T15:18:38.915Z
auth debug startup 2026-02-24T15:18:44.498Z
auth debug startup 2026-02-24T15:18:48.935Z
auth debug startup 2026-02-24T15:18:54.630Z
auth debug startup 2026-02-24T15:19:35.022Z
auth debug startup 2026-02-24T15:20:41.210Z
auth debug startup 2026-02-24T15:21:35.542Z
auth debug startup 2026-02-24T18:41:25.076Z
auth debug startup 2026-02-27T14:50:42.767Z
auth debug startup 2026-02-27T14:51:06.276Z
auth debug startup 2026-02-27T14:51:46.978Z
auth debug startup 2026-02-27T14:52:22.212Z
auth debug startup 2026-02-27T14:52:27.015Z
auth debug startup 2026-02-27T14:52:40.294Z
auth debug startup 2026-02-27T14:53:02.553Z
auth debug startup 2026-02-27T14:53:23.903Z
auth debug startup 2026-02-27T14:53:39.408Z
auth debug startup 2026-02-27T14:54:12.032Z
auth debug startup 2026-02-27T15:24:46.553Z
auth debug startup 2026-02-27T15:25:17.217Z
auth debug startup 2026-02-27T15:37:03.675Z
[2026-02-27T15:40:11.546Z] BODY {"login":"toto","password":"aHp!fCU#df9o"}
[2026-02-27T15:40:11.553Z] lookup {"table":"user","column":"username"}
auth debug startup 2026-02-27T15:44:37.487Z
auth debug startup 2026-02-27T15:57:54.031Z
auth debug startup 2026-02-27T15:59:05.502Z
auth debug startup 2026-02-27T15:59:07.512Z
[2026-02-27T16:02:37.063Z] BODY {"login":"toto","password":"123456"}
[2026-02-27T16:02:37.069Z] lookup {"table":"user","column":"username"}
auth debug startup 2026-02-27T16:06:03.540Z
auth debug startup 2026-02-27T16:06:05.381Z
auth debug startup 2026-02-27T16:07:18.769Z
auth debug startup 2026-02-27T16:07:20.579Z
auth debug startup 2026-02-27T16:07:44.790Z
auth debug startup 2026-02-27T16:07:46.526Z
auth debug startup 2026-02-27T16:09:31.680Z
auth debug startup 2026-02-27T16:09:33.456Z
auth debug startup 2026-02-27T16:11:38.240Z
auth debug startup 2026-02-27T16:11:40.102Z
auth debug startup 2026-02-27T16:11:59.867Z
auth debug startup 2026-02-27T16:12:01.890Z
auth debug startup 2026-02-27T16:13:07.464Z
auth debug startup 2026-02-27T16:13:09.807Z
auth debug startup 2026-02-27T16:14:02.338Z
auth debug startup 2026-02-27T16:14:04.088Z
auth debug startup 2026-02-27T16:16:08.066Z
auth debug startup 2026-02-27T16:16:09.841Z
auth debug startup 2026-02-27T16:18:46.439Z
auth debug startup 2026-02-27T16:19:01.528Z
[2026-02-27T16:26:52.257Z] BODY {"login":"merlin","password":"zF_ve)ssW]bE"}
[2026-02-27T16:26:52.261Z] lookup {"table":"user","column":"username"}
auth debug startup 2026-02-27T16:30:11.357Z
auth debug startup 2026-02-27T16:30:13.098Z
auth debug startup 2026-02-27T17:57:00.326Z
auth debug startup 2026-02-27T17:57:01.793Z
auth debug startup 2026-02-27T18:04:47.528Z
auth debug startup 2026-02-27T18:04:49.568Z
auth debug startup 2026-02-27T18:06:37.803Z
auth debug startup 2026-02-27T18:08:56.629Z
auth debug startup 2026-02-27T18:08:58.602Z
auth debug startup 2026-02-27T18:10:50.898Z
auth debug startup 2026-02-27T18:11:07.509Z
auth debug startup 2026-02-27T18:15:01.571Z
auth debug startup 2026-02-27T18:18:46.679Z
auth debug startup 2026-02-27T18:18:48.560Z
auth debug startup 2026-02-27T18:22:26.795Z
auth debug startup 2026-02-27T18:22:37.912Z
auth debug startup 2026-02-27T18:22:39.799Z
auth debug startup 2026-02-27T18:26:29.794Z
auth debug startup 2026-02-27T18:42:57.949Z
auth debug startup 2026-02-27T18:42:59.874Z
auth debug startup 2026-02-27T18:45:15.612Z
auth debug startup 2026-02-27T18:45:17.483Z
auth debug startup 2026-02-27T18:48:33.638Z
auth debug startup 2026-02-27T18:48:35.491Z
auth debug startup 2026-02-27T18:49:15.628Z
auth debug startup 2026-02-27T18:49:17.590Z
auth debug startup 2026-02-27T18:52:13.996Z
auth debug startup 2026-02-27T18:52:39.711Z
auth debug startup 2026-02-27T18:52:41.579Z
auth debug startup 2026-02-27T19:11:50.206Z
auth debug startup 2026-02-27T19:11:52.062Z
auth debug startup 2026-02-27T19:17:47.284Z
auth debug startup 2026-02-27T19:17:49.153Z
auth debug startup 2026-02-27T19:23:46.709Z
auth debug startup 2026-02-27T19:23:48.588Z
auth debug startup 2026-02-27T19:24:18.634Z
auth debug startup 2026-02-27T19:24:20.593Z
auth debug startup 2026-02-27T19:34:16.720Z
auth debug startup 2026-02-27T19:34:43.304Z
auth debug startup 2026-02-27T19:35:06.977Z
auth debug startup 2026-02-27T19:39:22.223Z
auth debug startup 2026-02-27T19:39:24.110Z
auth debug startup 2026-02-27T19:45:17.483Z
auth debug startup 2026-02-27T19:45:19.360Z
auth debug startup 2026-02-27T19:47:18.616Z
auth debug startup 2026-02-27T19:49:02.391Z
auth debug startup 2026-02-27T19:49:32.130Z
auth debug startup 2026-02-27T19:52:03.245Z
auth debug startup 2026-02-27T19:52:20.789Z
auth debug startup 2026-02-27T19:54:57.601Z
auth debug startup 2026-02-27T19:55:39.550Z
auth debug startup 2026-02-27T19:56:19.697Z
auth debug startup 2026-02-27T19:56:21.730Z
auth debug startup 2026-02-28T07:18:47.708Z
auth debug startup 2026-02-28T07:24:14.128Z
auth debug startup 2026-02-28T07:24:16.194Z
auth debug startup 2026-02-28T07:25:49.642Z
auth debug startup 2026-02-28T07:25:51.735Z
auth debug startup 2026-02-28T07:29:56.425Z
auth debug startup 2026-02-28T07:30:54.122Z
auth debug startup 2026-02-28T07:30:56.207Z
auth debug startup 2026-02-28T07:34:22.910Z
auth debug startup 2026-02-28T07:34:25.057Z
auth debug startup 2026-02-28T07:37:53.748Z
auth debug startup 2026-02-28T07:37:55.767Z
auth debug startup 2026-02-28T07:44:50.246Z
auth debug startup 2026-02-28T07:44:52.331Z
auth debug startup 2026-02-28T07:47:47.147Z
auth debug startup 2026-02-28T07:47:49.292Z
auth debug startup 2026-02-28T07:49:50.124Z
auth debug startup 2026-02-28T07:49:52.183Z
auth debug startup 2026-02-28T07:51:58.503Z
auth debug startup 2026-02-28T07:52:00.548Z
auth debug startup 2026-02-28T07:54:12.544Z
auth debug startup 2026-02-28T07:54:14.570Z
auth debug startup 2026-02-28T07:56:32.415Z
auth debug startup 2026-02-28T07:56:34.445Z
auth debug startup 2026-02-28T07:59:00.690Z
auth debug startup 2026-02-28T07:59:02.732Z
auth debug startup 2026-02-28T08:02:24.187Z
auth debug startup 2026-02-28T08:02:26.241Z
auth debug startup 2026-02-28T08:04:35.183Z
auth debug startup 2026-02-28T08:04:37.278Z
auth debug startup 2026-02-28T08:12:42.059Z
auth debug startup 2026-02-28T08:12:44.188Z
auth debug startup 2026-02-28T08:21:11.769Z
auth debug startup 2026-02-28T08:21:13.867Z
auth debug startup 2026-02-28T08:23:03.499Z
auth debug startup 2026-02-28T08:26:02.239Z
auth debug startup 2026-02-28T08:26:04.371Z
