[2026-02-17T19:30:50.144Z] BODY {"login":"merlin","password":"zF_ve)ssW]bE"}
[2026-02-17T19:33:30.457Z] BODY {"login":"merlin","password":"zF_ve)ssW]bE"}
[2026-02-17T19:35:01.844Z] BODY {"login":"merlin","password":"zF_ve)ssW]bE"}
[2026-02-17T19:36:29.320Z] BODY {"login":"merlin","password":"zF_ve)ssW]bE"}
[2026-02-17T19:53:03.364Z] BODY {"login":"merlin","password":"zF_ve)ssW]bE"}
[2026-02-17T19:53:21.557Z] BODY {"login":"merlin","password":"zF_ve)ssW]bE"}
[2026-02-17T19:56:59.379Z] BODY {"login":"merlin","password":"zF_ve)ssW]bE"}
[2026-02-17T20:00:15.672Z] BODY {"login":"merlin","password":"zF_ve)ssW]bE"}
[2026-02-17T20:03:36.025Z] BODY {"login":"merlin","password":"zF_ve)ssW]bE"}
[2026-02-17T20:04:02.544Z] BODY {"login":"merlin","password":"zF_ve)ssW]bE"}
[2026-02-17T20:23:56.018Z] BODY {"login":"merlin","password":"zF_ve)ssW]bE"}
[2026-02-20T12:58:54.048Z] BODY {"login":"merlin","password":"zF_ve)ssW]bE"}
[2026-02-20T13:18:54.481Z] BODY {"login":"merlin","password":"zF_ve)ssW]bE"}
[2026-02-22T06:37:42.406Z] BODY {"login":"merlin","password":"zF_ve)ssW]bE"}
[2026-02-22T16:34:25.682Z] BODY {"login":"merlin","password":"zF_ve)ssW]bE"}
[2026-02-24T10:00:30.284Z] BODY {"login":"Merlin","password":"zF_ve)ssW]bE"}
[2026-02-27T15:40:11.544Z] BODY {"login":"toto","password":"aHp!fCU#df9o"}
[2026-02-27T16:02:37.062Z] BODY {"login":"toto","password":"123456"}
[2026-02-27T16:26:52.255Z] BODY {"login":"merlin","password":"zF_ve)ssW]bE"}
[2026-03-06T14:47:02.112Z] BODY {"login":"merlin","password":"zF_ve)ssW]bE"}
[2026-03-06T14:59:40.463Z] BODY {"login":"merlin","password":"zF_ve)ssW]bE"}
[2026-03-07T09:09:06.965Z] BODY {"login":"merlin","password":"zF_ve)ssW]bE"}
[2026-03-09T07:17:09.199Z] BODY {"login":"merlin","password":"zF_ve)ssW]bE"}
[2026-03-10T18:34:06.858Z] BODY {"login":"merlin","password":"zF_ve)ssW]bE"}
[2026-03-12T09:31:38.288Z] BODY {"login":"merlin","password":"zF_ve)ssW]bE"}
[2026-03-16T14:03:25.958Z] BODY {"login":"merlin","password":"zF_ve)ssW]bE"}
[2026-03-16T14:03:34.537Z] BODY {"login":"merlin","password":"zF_ve)ssW]bE"}
[2026-03-16T14:21:31.411Z] BODY {"login":"merlin","password":"zF_ve)ssW]bE"}
[2026-03-16T14:22:59.431Z] BODY {"login":"merlin","password":"zF_ve)ssW]bE"}
[2026-03-17T16:54:58.475Z] LOGIN ATTEMPT user: merlin
[2026-03-17T16:55:26.472Z] LOGIN ATTEMPT user: merlin
[2026-03-17T16:59:07.076Z] LOGIN ATTEMPT user: merlin
[2026-03-17T17:02:37.319Z] LOGIN ATTEMPT user: merlin
[2026-03-17T17:05:58.477Z] LOGIN ATTEMPT user: merlin
[2026-03-17T17:08:05.917Z] LOGIN ATTEMPT user: merlin
[2026-03-17T17:08:14.978Z] LOGIN ATTEMPT user: merlin
[2026-03-17T17:28:53.598Z] LOGIN ATTEMPT user: merlin
[2026-03-17T17:35:23.043Z] LOGIN ATTEMPT user: merlin
[2026-03-19T09:43:44.962Z] LOGIN ATTEMPT user: merlin
[2026-03-21T18:44:16.227Z] LOGIN ATTEMPT user: merlin
[2026-03-23T19:48:37.553Z] LOGIN ATTEMPT user: merlin
[2026-03-24T21:13:20.571Z] LOGIN ATTEMPT user: merlin
[2026-03-25T12:33:30.694Z] LOGIN ATTEMPT user: merlin
[2026-03-25T12:39:06.848Z] LOGIN ATTEMPT user: merlin
[2026-03-25T12:52:13.487Z] LOGIN ATTEMPT user: merlin
[2026-03-25T12:52:24.956Z] LOGIN ATTEMPT user: merlin
[2026-03-26T12:58:36.199Z] LOGIN ATTEMPT user: merlin
[2026-03-27T13:34:19.233Z] LOGIN ATTEMPT user: merlin
[2026-03-29T06:15:41.147Z] LOGIN ATTEMPT user: merlin
